# JRE version: OpenJDK Runtime Environment Temurin-21.0.1+12 (21.0.1+12) (build 21.0.1+12-LTS)
# Java VM: OpenJDK 64-Bit Server VM Temurin-21.0.1+12 (21.0.1+12-LTS, mixed mode, sharing, tiered, compressed oops, compressed class ptrs, g1 gc, windows-amd64)
GC Precious Log:
 CardTable entry size: 512
 Card Set container configuration: InlinePtr #cards 5 size 8 Array Of Cards #cards 12 size 40 Howl #buckets 4 coarsen threshold 1843 Howl Bitmap #cards 512 size 80 coarsen threshold 460 Card regions per heap region 1 cards per card region 2048
 CPUs: 8 total, 8 available
 Memory: 7932M
 Large Page Support: Disabled
 NUMA Support: Disabled
 Compressed Oops: Enabled (32-bit)
 Heap Region Size: 1M
 Heap Min Capacity: 8M
 Heap Initial Capacity: 124M
 Heap Max Capacity: 1984M
 Pre-touch: Disabled
 Parallel Workers: 8
 Concurrent Workers: 2
 Concurrent Refinement Workers: 8
 Periodic GC: Disabled
Heap:
 garbage-first heap   total 82944K, used 75264K [0x0000000084000000, 0x0000000100000000)
  region size 1024K, 47 young (48128K), 6 survivors (6144K)
 Metaspace       used 33530K, committed 33856K, reserved 1114112K
  class space    used 3827K, committed 3968K, reserved 1048576K
GC Heap History (13 events):
Event: 1.268 GC heap before
{Heap before GC invocations=0 (full 0):
 garbage-first heap   total 126976K, used 23552K [0x0000000084000000, 0x0000000100000000)
  region size 1024K, 23 young (23552K), 0 survivors (0K)
 Metaspace       used 5599K, committed 5760K, reserved 1114112K
  class space    used 657K, committed 768K, reserved 1048576K
}
Event: 1.283 GC heap after
{Heap after GC invocations=1 (full 0):
 garbage-first heap   total 126976K, used 3696K [0x0000000084000000, 0x0000000100000000)
  region size 1024K, 3 young (3072K), 3 survivors (3072K)
 Metaspace       used 5599K, committed 5760K, reserved 1114112K
  class space    used 657K, committed 768K, reserved 1048576K
}
Event: 2.478 GC heap before
{Heap before GC invocations=1 (full 0):
 garbage-first heap   total 126976K, used 33392K [0x0000000084000000, 0x0000000100000000)
  region size 1024K, 33 young (33792K), 3 survivors (3072K)
 Metaspace       used 9678K, committed 9856K, reserved 1114112K
  class space    used 1153K, committed 1216K, reserved 1048576K
}
Event: 2.491 GC heap after
{Heap after GC invocations=2 (full 0):
 garbage-first heap   total 126976K, used 5579K [0x0000000084000000, 0x0000000100000000)
  region size 1024K, 2 young (2048K), 2 survivors (2048K)
 Metaspace       used 9678K, committed 9856K, reserved 1114112K
  class space    used 1153K, committed 1216K, reserved 1048576K
}
Event: 5.896 GC heap before
{Heap before GC invocations=2 (full 0):
 garbage-first heap   total 126976K, used 79307K [0x0000000084000000, 0x0000000100000000)
  region size 1024K, 74 young (75776K), 2 survivors (2048K)
 Metaspace       used 15868K, committed 16128K, reserved 1114112K
  class space    used 1856K, committed 1984K, reserved 1048576K
}
Event: 5.928 GC heap after
{Heap after GC invocations=3 (full 0):
 garbage-first heap   total 126976K, used 14014K [0x0000000084000000, 0x0000000100000000)
  region size 1024K, 10 young (10240K), 10 survivors (10240K)
 Metaspace       used 15868K, committed 16128K, reserved 1114112K
  class space    used 1856K, committed 1984K, reserved 1048576K
}
Event: 7.850 GC heap before
{Heap before GC invocations=3 (full 0):
 garbage-first heap   total 126976K, used 49854K [0x0000000084000000, 0x0000000100000000)
  region size 1024K, 47 young (48128K), 10 survivors (10240K)
 Metaspace       used 21293K, committed 21504K, reserved 1114112K
  class space    used 2465K, committed 2560K, reserved 1048576K
}
Event: 7.886 GC heap after
{Heap after GC invocations=4 (full 0):
 garbage-first heap   total 126976K, used 18332K [0x0000000084000000, 0x0000000100000000)
  region size 1024K, 5 young (5120K), 5 survivors (5120K)
 Metaspace       used 21293K, committed 21504K, reserved 1114112K
  class space    used 2465K, committed 2560K, reserved 1048576K
}
Event: 11.799 GC heap before
{Heap before GC invocations=5 (full 0):
 garbage-first heap   total 68608K, used 67484K [0x0000000084000000, 0x0000000100000000)
  region size 1024K, 53 young (54272K), 5 survivors (5120K)
 Metaspace       used 24458K, committed 24704K, reserved 1114112K
  class space    used 2803K, committed 2880K, reserved 1048576K
}
Event: 11.821 GC heap after
{Heap after GC invocations=6 (full 0):
 garbage-first heap   total 76800K, used 21372K [0x0000000084000000, 0x0000000100000000)
  region size 1024K, 8 young (8192K), 8 survivors (8192K)
 Metaspace       used 24458K, committed 24704K, reserved 1114112K
  class space    used 2803K, committed 2880K, reserved 1048576K
}
Event: 14.567 GC heap before
{Heap before GC invocations=6 (full 0):
 garbage-first heap   total 76800K, used 59260K [0x0000000084000000, 0x0000000100000000)
  region size 1024K, 45 young (46080K), 8 survivors (8192K)
 Metaspace       used 26076K, committed 26368K, reserved 1114112K
  class space    used 2941K, committed 3072K, reserved 1048576K
}
Event: 14.585 GC heap after
{Heap after GC invocations=7 (full 0):
 garbage-first heap   total 76800K, used 23040K [0x0000000084000000, 0x0000000100000000)
  region size 1024K, 3 young (3072K), 3 survivors (3072K)
 Metaspace       used 26076K, committed 26368K, reserved 1114112K
  class space    used 2941K, committed 3072K, reserved 1048576K
}
Event: 17.240 GC heap before
{Heap before GC invocations=7 (full 0):
 garbage-first heap   total 76800K, used 75264K [0x0000000084000000, 0x0000000100000000)
  region size 1024K, 44 young (45056K), 3 survivors (3072K)
 Metaspace       used 33530K, committed 33856K, reserved 1114112K
  class space    used 3827K, committed 3968K, reserved 1048576K
}

